[0905/211354.400:ERROR:process_memory_win.cc(73)] ReadMemory at 0x7ff695da0000 of 64 bytes failed: Only part of a ReadProcessMemory or WriteProcessMemory request was completed. (0x12B)
[0905/211355.517:WARNING:pe_image_reader.cc(340)] could not read dos header from C:\Program Files (x86)\Google\Chrome\Application\chrome.exe
[0905/211355.517:ERROR:process_memory_win.cc(73)] ReadMemory at 0x7ffa49180000 of 64 bytes failed: Only part of a ReadProcessMemory or WriteProcessMemory request was completed. (0x12B)
[0905/211355.517:WARNING:pe_image_reader.cc(340)] could not read dos header from C:\Windows\SYSTEM32\ntdll.dll
[0905/211355.525:ERROR:process_memory_win.cc(73)] ReadMemory at 0x7ffa482c0000 of 64 bytes failed: Only part of a ReadProcessMemory or WriteProcessMemory request was completed. (0x12B)
[0905/211356.118:WARNING:pe_image_reader.cc(340)] could not read dos header from C:\Windows\System32\KERNEL32.DLL
[0905/211356.118:ERROR:process_memory_win.cc(73)] ReadMemory at 0x7ffa46d60000 of 64 bytes failed: Only part of a ReadProcessMemory or WriteProcessMemory request was completed. (0x12B)
[0905/211356.118:WARNING:pe_image_reader.cc(340)] could not read dos header from C:\Windows\System32\KERNELBASE.dll
[0905/211356.118:ERROR:process_memory_win.cc(73)] ReadMemory at 0x7ffa1d330000 of 64 bytes failed: Only part of a ReadProcessMemory or WriteProcessMemory request was completed. (0x12B)
[0905/211356.118:WARNING:pe_image_reader.cc(340)] could not read dos header from C:\Program Files (x86)\Google\Chrome\Application\85.0.4183.83\chrome_elf.dll
[0905/211356.118:ERROR:process_memory_win.cc(73)] ReadMemory at 0x7ffa3a730000 of 64 bytes failed: Only part of a ReadProcessMemory or WriteProcessMemory request was completed. (0x12B)
[0905/211356.118:WARNING:pe_image_reader.cc(340)] could not read dos header from C:\Windows\SYSTEM32\VERSION.dll
[0905/211356.118:ERROR:process_memory_win.cc(73)] ReadMemory at 0x7ffa47e70000 of 64 bytes failed: Only part of a ReadProcessMemory or WriteProcessMemory request was completed. (0x12B)
[0905/211356.118:WARNING:pe_image_reader.cc(340)] could not read dos header from C:\Windows\System32\msvcrt.dll
[0905/211356.118:ERROR:process_memory_win.cc(73)] ReadMemory at 0x7ffa47160000 of 64 bytes failed: Only part of a ReadProcessMemory or WriteProcessMemory request was completed. (0x12B)
[0905/211356.118:WARNING:pe_image_reader.cc(340)] could not read dos header from C:\Windows\System32\bcryptPrimitives.dll
[0905/211356.118:ERROR:process_memory_win.cc(73)] ReadMemory at 0x7ffa47230000 of 64 bytes failed: Only part of a ReadProcessMemory or WriteProcessMemory request was completed. (0x12B)
[0905/211356.118:WARNING:pe_image_reader.cc(340)] could not read dos header from C:\Windows\System32\ADVAPI32.dll
[0905/211356.118:ERROR:process_memory_win.cc(73)] ReadMemory at 0x7ffa480c0000 of 64 bytes failed: Only part of a ReadProcessMemory or WriteProcessMemory request was completed. (0x12B)
[0905/211356.134:WARNING:pe_image_reader.cc(340)] could not read dos header from C:\Windows\System32\sechost.dll
[0905/211356.134:ERROR:process_memory_win.cc(73)] ReadMemory at 0x7ffa47b80000 of 64 bytes failed: Only part of a ReadProcessMemory or WriteProcessMemory request was completed. (0x12B)
[0905/211356.134:WARNING:pe_image_reader.cc(340)] could not read dos header from C:\Windows\System32\RPCRT4.dll
[0905/211356.134:ERROR:process_memory_win.cc(73)] ReadMemory at 0x7ff9fb4a0000 of 64 bytes failed: Only part of a ReadProcessMemory or WriteProcessMemory request was completed. (0x12B)
[0905/211356.134:WARNING:pe_image_reader.cc(340)] could not read dos header from C:\Program Files (x86)\Google\Chrome\Application\85.0.4183.83\chrome.dll
[0905/211356.134:ERROR:process_memory_win.cc(73)] ReadMemory at 0x7ffa47d80000 of 64 bytes failed: Only part of a ReadProcessMemory or WriteProcessMemory request was completed. (0x12B)
[0905/211356.134:WARNING:pe_image_reader.cc(340)] could not read dos header from C:\Windows\System32\WS2_32.dll
[0905/211356.134:ERROR:process_memory_win.cc(73)] ReadMemory at 0x7ffa48170000 of 64 bytes failed: Only part of a ReadProcessMemory or WriteProcessMemory request was completed. (0x12B)
[0905/211356.134:WARNING:pe_image_reader.cc(340)] could not read dos header from C:\Windows\System32\OLEAUT32.dll
[0905/211356.134:ERROR:process_memory_win.cc(73)] ReadMemory at 0x7ffa46910000 of 64 bytes failed: Only part of a ReadProcessMemory or WriteProcessMemory request was completed. (0x12B)
[0905/211356.134:WARNING:pe_image_reader.cc(340)] could not read dos header from C:\Windows\System32\msvcp_win.dll
[0905/211356.134:ERROR:process_memory_win.cc(73)] ReadMemory at 0x7ffa469b0000 of 64 bytes failed: Only part of a ReadProcessMemory or WriteProcessMemory request was completed. (0x12B)
[0905/211356.134:WARNING:pe_image_reader.cc(340)] could not read dos header from C:\Windows\System32\ucrtbase.dll
[0905/211356.134:ERROR:process_memory_win.cc(73)] ReadMemory at 0x7ffa472e0000 of 64 bytes failed: Only part of a ReadProcessMemory or WriteProcessMemory request was completed. (0x12B)
[0905/211356.134:WARNING:pe_image_reader.cc(340)] could not read dos header from C:\Windows\System32\combase.dll
[0905/211356.134:ERROR:process_memory_win.cc(73)] ReadMemory at 0x7ffa46ab0000 of 64 bytes failed: Only part of a ReadProcessMemory or WriteProcessMemory request was completed. (0x12B)
[0905/211356.134:WARNING:pe_image_reader.cc(340)] could not read dos header from C:\Windows\System32\WINTRUST.dll
[0905/211356.134:ERROR:process_memory_win.cc(73)] ReadMemory at 0x7ffa460e0000 of 64 bytes failed: Only part of a ReadProcessMemory or WriteProcessMemory request was completed. (0x12B)
[0905/211356.134:WARNING:pe_image_reader.cc(340)] could not read dos header from C:\Windows\System32\MSASN1.dll
[0905/211356.134:ERROR:process_memory_win.cc(73)] ReadMemory at 0x7ffa47010000 of 64 bytes failed: Only part of a ReadProcessMemory or WriteProcessMemory request was completed. (0x12B)
[0905/211356.134:WARNING:pe_image_reader.cc(340)] could not read dos header from C:\Windows\System32\CRYPT32.dll
[0905/211356.134:ERROR:process_memory_win.cc(73)] ReadMemory at 0x7ffa45540000 of 64 bytes failed: Only part of a ReadProcessMemory or WriteProcessMemory request was completed. (0x12B)
[0905/211356.134:WARNING:pe_image_reader.cc(340)] could not read dos header from C:\Windows\SYSTEM32\IPHLPAPI.DLL
[0905/211356.134:ERROR:process_memory_win.cc(73)] ReadMemory at 0x7ffa43320000 of 64 bytes failed: Only part of a ReadProcessMemory or WriteProcessMemory request was completed. (0x12B)
[0905/211356.134:WARNING:pe_image_reader.cc(340)] could not read dos header from C:\Windows\SYSTEM32\WINMM.dll
[0905/211356.134:ERROR:process_memory_win.cc(73)] ReadMemory at 0x7ffa23b70000 of 64 bytes failed: Only part of a ReadProcessMemory or WriteProcessMemory request was completed. (0x12B)
[0905/211356.134:WARNING:pe_image_reader.cc(340)] could not read dos header from C:\Windows\SYSTEM32\UIAutomationCore.DLL
[0905/211356.134:ERROR:process_memory_win.cc(73)] ReadMemory at 0x7ffa2efb0000 of 64 bytes failed: Only part of a ReadProcessMemory or WriteProcessMemory request was completed. (0x12B)
[0905/211356.134:WARNING:pe_image_reader.cc(340)] could not read dos header from C:\Windows\SYSTEM32\Secur32.dll
[0905/211356.134:ERROR:process_memory_win.cc(73)] ReadMemory at 0x7ffa45f50000 of 64 bytes failed: Only part of a ReadProcessMemory or WriteProcessMemory request was completed. (0x12B)
[0905/211356.134:WARNING:pe_image_reader.cc(340)] could not read dos header from C:\Windows\SYSTEM32\USERENV.dll
[0905/211356.134:ERROR:process_memory_win.cc(73)] ReadMemory at 0x7ffa46060000 of 64 bytes failed: Only part of a ReadProcessMemory or WriteProcessMemory request was completed. (0x12B)
[0905/211356.134:WARNING:pe_image_reader.cc(340)] could not read dos header from C:\Windows\System32\profapi.dll
[0905/211356.134:ERROR:process_memory_win.cc(73)] ReadMemory at 0x7ffa30530000 of 64 bytes failed: Only part of a ReadProcessMemory or WriteProcessMemory request was completed. (0x12B)
[0905/211356.134:WARNING:pe_image_reader.cc(340)] could not read dos header from C:\Windows\SYSTEM32\DWrite.dll
[0905/211356.134:ERROR:process_memory_win.cc(73)] ReadMemory at 0x7ffa39eb0000 of 64 bytes failed: Only part of a ReadProcessMemory or WriteProcessMemory request was completed. (0x12B)
[0905/211356.134:WARNING:pe_image_reader.cc(340)] could not read dos header from C:\Windows\SYSTEM32\WINSPOOL.DRV
[0905/211356.134:ERROR:process_memory_win.cc(73)] ReadMemory at 0x7ffa46040000 of 64 bytes failed: Only part of a ReadProcessMemory or WriteProcessMemory request was completed. (0x12B)
[0905/211356.134:WARNING:pe_image_reader.cc(340)] could not read dos header from C:\Windows\System32\kernel.appcore.dll
[0905/211356.134:ERROR:process_memory_win.cc(73)] ReadMemory at 0x7ffa46150000 of 64 bytes failed: Only part of a ReadProcessMemory or WriteProcessMemory request was completed. (0x12B)
[0905/211356.134:WARNING:pe_image_reader.cc(340)] could not read dos header from C:\Windows\System32\bcrypt.dll
[0905/211356.134:ERROR:process_memory_win.cc(73)] ReadMemory at 0x7ffa33f60000 of 64 bytes failed: Only part of a ReadProcessMemory or WriteProcessMemory request was completed. (0x12B)
[0905/211356.134:WARNING:pe_image_reader.cc(340)] could not read dos header from C:\Windows\SYSTEM32\dbghelp.dll
[0905/211356.134:ERROR:process_memory_win.cc(73)] ReadMemory at 0x7ffa38770000 of 64 bytes failed: Only part of a ReadProcessMemory or WriteProcessMemory request was completed. (0x12B)
[0905/211356.134:WARNING:pe_image_reader.cc(340)] could not read dos header from C:\Windows\SYSTEM32\WINHTTP.dll
[0905/211356.134:ERROR:process_memory_win.cc(73)] ReadMemory at 0x7ffa39ba0000 of 64 bytes failed: Only part of a ReadProcessMemory or WriteProcessMemory request was completed. (0x12B)
[0905/211356.134:WARNING:pe_image_reader.cc(340)] could not read dos header from C:\Windows\SYSTEM32\dhcpcsvc.DLL
[0905/211356.134:ERROR:process_memory_win.cc(73)] ReadMemory at 0x7ffa49100000 of 64 bytes failed: Only part of a ReadProcessMemory or WriteProcessMemory request was completed. (0x12B)
[0905/211356.134:WARNING:pe_image_reader.cc(340)] could not read dos header from C:\Windows\System32\NSI.dll
[0905/211356.134:ERROR:process_memory_win.cc(73)] ReadMemory at 0x7ffa432f0000 of 64 bytes failed: Only part of a ReadProcessMemory or WriteProcessMemory request was completed. (0x12B)
[0905/211356.134:WARNING:pe_image_reader.cc(340)] could not read dos header from C:\Windows\SYSTEM32\WINMMBASE.dll
[0905/211356.134:ERROR:process_memory_win.cc(73)] ReadMemory at 0x7ffa471e0000 of 64 bytes failed: Only part of a ReadProcessMemory or WriteProcessMemory request was completed. (0x12B)
[0905/211356.134:WARNING:pe_image_reader.cc(340)] could not read dos header from C:\Windows\System32\cfgmgr32.dll
[0905/211356.134:ERROR:process_memory_win.cc(73)] ReadMemory at 0x7ffa423c0000 of 64 bytes failed: Only part of a ReadProcessMemory or WriteProcessMemory request was completed. (0x12B)
[0905/211356.134:WARNING:pe_image_reader.cc(340)] could not read dos header from C:\Windows\SYSTEM32\PROPSYS.dll
[0905/211356.134:ERROR:process_memory_win.cc(73)] ReadMemory at 0x7ffa47920000 of 64 bytes failed: Only part of a ReadProcessMemory or WriteProcessMemory request was completed. (0x12B)
[0905/211356.134:WARNING:pe_image_reader.cc(340)] could not read dos header from C:\Windows\System32\shcore.dll
[0905/211356.134:ERROR:process_memory_win.cc(73)] ReadMemory at 0x7ffa45f20000 of 64 bytes failed: Only part of a ReadProcessMemory or WriteProcessMemory request was completed. (0x12B)
[0905/211356.134:WARNING:pe_image_reader.cc(340)] could not read dos header from C:\Windows\SYSTEM32\SSPICLI.DLL
[0905/211356.134:ERROR:process_memory_win.cc(73)] ReadMemory at 0x7ffa45a00000 of 64 bytes failed: Only part of a ReadProcessMemory or WriteProcessMemory request was completed. (0x12B)
[0905/211356.134:WARNING:pe_image_reader.cc(340)] could not read dos header from C:\Windows\SYSTEM32\CRYPTBASE.DLL
[0905/211356.446:ERROR:process_memory_win.cc(73)] ReadMemory at 0x7ff695da0000 of 64 bytes failed: Only part of a ReadProcessMemory or WriteProcessMemory request was completed. (0x12B)
[0905/211356.446:WARNING:pe_image_reader.cc(340)] could not read dos header from C:\Program Files (x86)\Google\Chrome\Application\chrome.exe
[0905/211356.446:ERROR:process_memory_win.cc(73)] ReadMemory at 0x7ffa49180000 of 64 bytes failed: Only part of a ReadProcessMemory or WriteProcessMemory request was completed. (0x12B)
[0905/211356.446:WARNING:pe_image_reader.cc(340)] could not read dos header from C:\Windows\SYSTEM32\ntdll.dll
[0905/211356.446:ERROR:process_memory_win.cc(73)] ReadMemory at 0x7ffa482c0000 of 64 bytes failed: Only part of a ReadProcessMemory or WriteProcessMemory request was completed. (0x12B)
[0905/211356.446:WARNING:pe_image_reader.cc(340)] could not read dos header from C:\Windows\System32\KERNEL32.DLL
[0905/211356.446:ERROR:process_memory_win.cc(73)] ReadMemory at 0x7ffa46d60000 of 64 bytes failed: Only part of a ReadProcessMemory or WriteProcessMemory request was completed. (0x12B)
[0905/211356.446:WARNING:pe_image_reader.cc(340)] could not read dos header from C:\Windows\System32\KERNELBASE.dll
[0905/211356.446:ERROR:process_memory_win.cc(73)] ReadMemory at 0x7ffa1d330000 of 64 bytes failed: Only part of a ReadProcessMemory or WriteProcessMemory request was completed. (0x12B)
[0905/211356.446:WARNING:pe_image_reader.cc(340)] could not read dos header from C:\Program Files (x86)\Google\Chrome\Application\85.0.4183.83\chrome_elf.dll
[0905/211356.446:ERROR:process_memory_win.cc(73)] ReadMemory at 0x7ffa3a730000 of 64 bytes failed: Only part of a ReadProcessMemory or WriteProcessMemory request was completed. (0x12B)
[0905/211356.446:WARNING:pe_image_reader.cc(340)] could not read dos header from C:\Windows\SYSTEM32\VERSION.dll
[0905/211356.446:ERROR:process_memory_win.cc(73)] ReadMemory at 0x7ffa47e70000 of 64 bytes failed: Only part of a ReadProcessMemory or WriteProcessMemory request was completed. (0x12B)
[0905/211356.446:WARNING:pe_image_reader.cc(340)] could not read dos header from C:\Windows\System32\msvcrt.dll
[0905/211356.446:ERROR:process_memory_win.cc(73)] ReadMemory at 0x7ffa47160000 of 64 bytes failed: Only part of a ReadProcessMemory or WriteProcessMemory request was completed. (0x12B)
[0905/211356.446:WARNING:pe_image_reader.cc(340)] could not read dos header from C:\Windows\System32\bcryptPrimitives.dll
[0905/211356.446:ERROR:process_memory_win.cc(73)] ReadMemory at 0x7ffa47230000 of 64 bytes failed: Only part of a ReadProcessMemory or WriteProcessMemory request was completed. (0x12B)
[0905/211356.446:WARNING:pe_image_reader.cc(340)] could not read dos header from C:\Windows\System32\ADVAPI32.dll
[0905/211356.446:ERROR:process_memory_win.cc(73)] ReadMemory at 0x7ffa480c0000 of 64 bytes failed: Only part of a ReadProcessMemory or WriteProcessMemory request was completed. (0x12B)
[0905/211356.446:WARNING:pe_image_reader.cc(340)] could not read dos header from C:\Windows\System32\sechost.dll
[0905/211356.446:ERROR:process_memory_win.cc(73)] ReadMemory at 0x7ffa47b80000 of 64 bytes failed: Only part of a ReadProcessMemory or WriteProcessMemory request was completed. (0x12B)
[0905/211356.446:WARNING:pe_image_reader.cc(340)] could not read dos header from C:\Windows\System32\RPCRT4.dll
[0905/211356.446:ERROR:process_memory_win.cc(73)] ReadMemory at 0x7ff9fb4a0000 of 64 bytes failed: Only part of a ReadProcessMemory or WriteProcessMemory request was completed. (0x12B)
[0905/211356.446:WARNING:pe_image_reader.cc(340)] could not read dos header from C:\Program Files (x86)\Google\Chrome\Application\85.0.4183.83\chrome.dll
[0905/211356.446:ERROR:process_memory_win.cc(73)] ReadMemory at 0x7ffa47d80000 of 64 bytes failed: Only part of a ReadProcessMemory or WriteProcessMemory request was completed. (0x12B)
[0905/211356.446:WARNING:pe_image_reader.cc(340)] could not read dos header from C:\Windows\System32\WS2_32.dll
[0905/211356.446:ERROR:process_memory_win.cc(73)] ReadMemory at 0x7ffa48170000 of 64 bytes failed: Only part of a ReadProcessMemory or WriteProcessMemory request was completed. (0x12B)
[0905/211356.446:WARNING:pe_image_reader.cc(340)] could not read dos header from C:\Windows\System32\OLEAUT32.dll
[0905/211356.446:ERROR:process_memory_win.cc(73)] ReadMemory at 0x7ffa46910000 of 64 bytes failed: Only part of a ReadProcessMemory or WriteProcessMemory request was completed. (0x12B)
[0905/211356.446:WARNING:pe_image_reader.cc(340)] could not read dos header from C:\Windows\System32\msvcp_win.dll
[0905/211356.446:ERROR:process_memory_win.cc(73)] ReadMemory at 0x7ffa469b0000 of 64 bytes failed: Only part of a ReadProcessMemory or WriteProcessMemory request was completed. (0x12B)
[0905/211356.446:WARNING:pe_image_reader.cc(340)] could not read dos header from C:\Windows\System32\ucrtbase.dll
[0905/211356.446:ERROR:process_memory_win.cc(73)] ReadMemory at 0x7ffa472e0000 of 64 bytes failed: Only part of a ReadProcessMemory or WriteProcessMemory request was completed. (0x12B)
[0905/211356.446:WARNING:pe_image_reader.cc(340)] could not read dos header from C:\Windows\System32\combase.dll
[0905/211356.446:ERROR:process_memory_win.cc(73)] ReadMemory at 0x7ffa46ab0000 of 64 bytes failed: Only part of a ReadProcessMemory or WriteProcessMemory request was completed. (0x12B)
[0905/211356.446:WARNING:pe_image_reader.cc(340)] could not read dos header from C:\Windows\System32\WINTRUST.dll
[0905/211356.446:ERROR:process_memory_win.cc(73)] ReadMemory at 0x7ffa460e0000 of 64 bytes failed: Only part of a ReadProcessMemory or WriteProcessMemory request was completed. (0x12B)
[0905/211356.446:WARNING:pe_image_reader.cc(340)] could not read dos header from C:\Windows\System32\MSASN1.dll
[0905/211356.446:ERROR:process_memory_win.cc(73)] ReadMemory at 0x7ffa47010000 of 64 bytes failed: Only part of a ReadProcessMemory or WriteProcessMemory request was completed. (0x12B)
[0905/211356.446:WARNING:pe_image_reader.cc(340)] could not read dos header from C:\Windows\System32\CRYPT32.dll
[0905/211356.462:ERROR:process_memory_win.cc(73)] ReadMemory at 0x7ffa45540000 of 64 bytes failed: Only part of a ReadProcessMemory or WriteProcessMemory request was completed. (0x12B)
[0905/211356.462:WARNING:pe_image_reader.cc(340)] could not read dos header from C:\Windows\SYSTEM32\IPHLPAPI.DLL
[0905/211356.462:ERROR:process_memory_win.cc(73)] ReadMemory at 0x7ffa43320000 of 64 bytes failed: Only part of a ReadProcessMemory or WriteProcessMemory request was completed. (0x12B)
[0905/211356.462:WARNING:pe_image_reader.cc(340)] could not read dos header from C:\Windows\SYSTEM32\WINMM.dll
[0905/211356.462:ERROR:process_memory_win.cc(73)] ReadMemory at 0x7ffa23b70000 of 64 bytes failed: Only part of a ReadProcessMemory or WriteProcessMemory request was completed. (0x12B)
[0905/211356.462:WARNING:pe_image_reader.cc(340)] could not read dos header from C:\Windows\SYSTEM32\UIAutomationCore.DLL
[0905/211356.462:ERROR:process_memory_win.cc(73)] ReadMemory at 0x7ffa2efb0000 of 64 bytes failed: Only part of a ReadProcessMemory or WriteProcessMemory request was completed. (0x12B)
[0905/211356.462:WARNING:pe_image_reader.cc(340)] could not read dos header from C:\Windows\SYSTEM32\Secur32.dll
[0905/211356.462:ERROR:process_memory_win.cc(73)] ReadMemory at 0x7ffa45f50000 of 64 bytes failed: Only part of a ReadProcessMemory or WriteProcessMemory request was completed. (0x12B)
[0905/211356.462:WARNING:pe_image_reader.cc(340)] could not read dos header from C:\Windows\SYSTEM32\USERENV.dll
[0905/211356.462:ERROR:process_memory_win.cc(73)] ReadMemory at 0x7ffa46060000 of 64 bytes failed: Only part of a ReadProcessMemory or WriteProcessMemory request was completed. (0x12B)
[0905/211356.462:WARNING:pe_image_reader.cc(340)] could not read dos header from C:\Windows\System32\profapi.dll
[0905/211356.462:ERROR:process_memory_win.cc(73)] ReadMemory at 0x7ffa30530000 of 64 bytes failed: Only part of a ReadProcessMemory or WriteProcessMemory request was completed. (0x12B)
[0905/211356.462:WARNING:pe_image_reader.cc(340)] could not read dos header from C:\Windows\SYSTEM32\DWrite.dll
[0905/211356.462:ERROR:process_memory_win.cc(73)] ReadMemory at 0x7ffa39eb0000 of 64 bytes failed: Only part of a ReadProcessMemory or WriteProcessMemory request was completed. (0x12B)
[0905/211356.462:WARNING:pe_image_reader.cc(340)] could not read dos header from C:\Windows\SYSTEM32\WINSPOOL.DRV
[0905/211356.462:ERROR:process_memory_win.cc(73)] ReadMemory at 0x7ffa46040000 of 64 bytes failed: Only part of a ReadProcessMemory or WriteProcessMemory request was completed. (0x12B)
[0905/211356.462:WARNING:pe_image_reader.cc(340)] could not read dos header from C:\Windows\System32\kernel.appcore.dll
[0905/211356.462:ERROR:process_memory_win.cc(73)] ReadMemory at 0x7ffa46150000 of 64 bytes failed: Only part of a ReadProcessMemory or WriteProcessMemory request was completed. (0x12B)
[0905/211356.462:WARNING:pe_image_reader.cc(340)] could not read dos header from C:\Windows\System32\bcrypt.dll
[0905/211356.462:ERROR:process_memory_win.cc(73)] ReadMemory at 0x7ffa33f60000 of 64 bytes failed: Only part of a ReadProcessMemory or WriteProcessMemory request was completed. (0x12B)
[0905/211356.462:WARNING:pe_image_reader.cc(340)] could not read dos header from C:\Windows\SYSTEM32\dbghelp.dll
[0905/211356.462:ERROR:process_memory_win.cc(73)] ReadMemory at 0x7ffa38770000 of 64 bytes failed: Only part of a ReadProcessMemory or WriteProcessMemory request was completed. (0x12B)
[0905/211356.462:WARNING:pe_image_reader.cc(340)] could not read dos header from C:\Windows\SYSTEM32\WINHTTP.dll
[0905/211356.462:ERROR:process_memory_win.cc(73)] ReadMemory at 0x7ffa39ba0000 of 64 bytes failed: Only part of a ReadProcessMemory or WriteProcessMemory request was completed. (0x12B)
[0905/211356.462:WARNING:pe_image_reader.cc(340)] could not read dos header from C:\Windows\SYSTEM32\dhcpcsvc.DLL
[0905/211356.462:ERROR:process_memory_win.cc(73)] ReadMemory at 0x7ffa49100000 of 64 bytes failed: Only part of a ReadProcessMemory or WriteProcessMemory request was completed. (0x12B)
[0905/211356.462:WARNING:pe_image_reader.cc(340)] could not read dos header from C:\Windows\System32\NSI.dll
[0905/211356.462:ERROR:process_memory_win.cc(73)] ReadMemory at 0x7ffa432f0000 of 64 bytes failed: Only part of a ReadProcessMemory or WriteProcessMemory request was completed. (0x12B)
[0905/211356.462:WARNING:pe_image_reader.cc(340)] could not read dos header from C:\Windows\SYSTEM32\WINMMBASE.dll
[0905/211356.462:ERROR:process_memory_win.cc(73)] ReadMemory at 0x7ffa471e0000 of 64 bytes failed: Only part of a ReadProcessMemory or WriteProcessMemory request was completed. (0x12B)
[0905/211356.462:WARNING:pe_image_reader.cc(340)] could not read dos header from C:\Windows\System32\cfgmgr32.dll
[0905/211356.462:ERROR:process_memory_win.cc(73)] ReadMemory at 0x7ffa423c0000 of 64 bytes failed: Only part of a ReadProcessMemory or WriteProcessMemory request was completed. (0x12B)
[0905/211356.462:WARNING:pe_image_reader.cc(340)] could not read dos header from C:\Windows\SYSTEM32\PROPSYS.dll
[0905/211356.462:ERROR:process_memory_win.cc(73)] ReadMemory at 0x7ffa47920000 of 64 bytes failed: Only part of a ReadProcessMemory or WriteProcessMemory request was completed. (0x12B)
[0905/211356.462:WARNING:pe_image_reader.cc(340)] could not read dos header from C:\Windows\System32\shcore.dll
[0905/211356.462:ERROR:process_memory_win.cc(73)] ReadMemory at 0x7ffa45f20000 of 64 bytes failed: Only part of a ReadProcessMemory or WriteProcessMemory request was completed. (0x12B)
[0905/211356.462:WARNING:pe_image_reader.cc(340)] could not read dos header from C:\Windows\SYSTEM32\SSPICLI.DLL
[0905/211356.462:ERROR:process_memory_win.cc(73)] ReadMemory at 0x7ffa45a00000 of 64 bytes failed: Only part of a ReadProcessMemory or WriteProcessMemory request was completed. (0x12B)
[0905/211356.462:WARNING:pe_image_reader.cc(340)] could not read dos header from C:\Windows\SYSTEM32\CRYPTBASE.DLL
[0905/211356.462:ERROR:process_memory_win.cc(73)] ReadMemory at 0x7ff695da0000 of 64 bytes failed: Only part of a ReadProcessMemory or WriteProcessMemory request was completed. (0x12B)
[0905/211356.462:WARNING:pe_image_reader.cc(340)] could not read dos header from C:\Program Files (x86)\Google\Chrome\Application\chrome.exe
[0905/211356.462:ERROR:process_memory_win.cc(73)] ReadMemory at 0x7ffa49180000 of 64 bytes failed: Only part of a ReadProcessMemory or WriteProcessMemory request was completed. (0x12B)
[0905/211356.462:WARNING:pe_image_reader.cc(340)] could not read dos header from C:\Windows\SYSTEM32\ntdll.dll
[0905/211356.462:ERROR:process_memory_win.cc(73)] ReadMemory at 0x7ffa482c0000 of 64 bytes failed: Only part of a ReadProcessMemory or WriteProcessMemory request was completed. (0x12B)
[0905/211356.462:WARNING:pe_image_reader.cc(340)] could not read dos header from C:\Windows\System32\KERNEL32.DLL
[0905/211356.462:ERROR:process_memory_win.cc(73)] ReadMemory at 0x7ffa46d60000 of 64 bytes failed: Only part of a ReadProcessMemory or WriteProcessMemory request was completed. (0x12B)
[0905/211356.462:WARNING:pe_image_reader.cc(340)] could not read dos header from C:\Windows\System32\KERNELBASE.dll
[0905/211356.462:ERROR:process_memory_win.cc(73)] ReadMemory at 0x7ffa1d330000 of 64 bytes failed: Only part of a ReadProcessMemory or WriteProcessMemory request was completed. (0x12B)
[0905/211356.462:WARNING:pe_image_reader.cc(340)] could not read dos header from C:\Program Files (x86)\Google\Chrome\Application\85.0.4183.83\chrome_elf.dll
[0905/211356.462:ERROR:process_memory_win.cc(73)] ReadMemory at 0x7ffa3a730000 of 64 bytes failed: Only part of a ReadProcessMemory or WriteProcessMemory request was completed. (0x12B)
[0905/211356.462:WARNING:pe_image_reader.cc(340)] could not read dos header from C:\Windows\SYSTEM32\VERSION.dll
[0905/211356.462:ERROR:process_memory_win.cc(73)] ReadMemory at 0x7ffa47e70000 of 64 bytes failed: Only part of a ReadProcessMemory or WriteProcessMemory request was completed. (0x12B)
[0905/211356.462:WARNING:pe_image_reader.cc(340)] could not read dos header from C:\Windows\System32\msvcrt.dll
[0905/211356.462:ERROR:process_memory_win.cc(73)] ReadMemory at 0x7ffa47160000 of 64 bytes failed: Only part of a ReadProcessMemory or WriteProcessMemory request was completed. (0x12B)
[0905/211356.462:WARNING:pe_image_reader.cc(340)] could not read dos header from C:\Windows\System32\bcryptPrimitives.dll
[0905/211356.462:ERROR:process_memory_win.cc(73)] ReadMemory at 0x7ffa47230000 of 64 bytes failed: Only part of a ReadProcessMemory or WriteProcessMemory request was completed. (0x12B)
[0905/211356.462:WARNING:pe_image_reader.cc(340)] could not read dos header from C:\Windows\System32\ADVAPI32.dll
[0905/211356.462:ERROR:process_memory_win.cc(73)] ReadMemory at 0x7ffa480c0000 of 64 bytes failed: Only part of a ReadProcessMemory or WriteProcessMemory request was completed. (0x12B)
[0905/211356.462:WARNING:pe_image_reader.cc(340)] could not read dos header from C:\Windows\System32\sechost.dll
[0905/211356.462:ERROR:process_memory_win.cc(73)] ReadMemory at 0x7ffa47b80000 of 64 bytes failed: Only part of a ReadProcessMemory or WriteProcessMemory request was completed. (0x12B)
[0905/211356.462:WARNING:pe_image_reader.cc(340)] could not read dos header from C:\Windows\System32\RPCRT4.dll
[0905/211356.462:ERROR:process_memory_win.cc(73)] ReadMemory at 0x7ff9fb4a0000 of 64 bytes failed: Only part of a ReadProcessMemory or WriteProcessMemory request was completed. (0x12B)
[0905/211356.462:WARNING:pe_image_reader.cc(340)] could not read dos header from C:\Program Files (x86)\Google\Chrome\Application\85.0.4183.83\chrome.dll
[0905/211356.462:ERROR:process_memory_win.cc(73)] ReadMemory at 0x7ffa47d80000 of 64 bytes failed: Only part of a ReadProcessMemory or WriteProcessMemory request was completed. (0x12B)
[0905/211356.462:WARNING:pe_image_reader.cc(340)] could not read dos header from C:\Windows\System32\WS2_32.dll
[0905/211356.462:ERROR:process_memory_win.cc(73)] ReadMemory at 0x7ffa48170000 of 64 bytes failed: Only part of a ReadProcessMemory or WriteProcessMemory request was completed. (0x12B)
[0905/211356.462:WARNING:pe_image_reader.cc(340)] could not read dos header from C:\Windows\System32\OLEAUT32.dll
[0905/211356.462:ERROR:process_memory_win.cc(73)] ReadMemory at 0x7ffa46910000 of 64 bytes failed: Only part of a ReadProcessMemory or WriteProcessMemory request was completed. (0x12B)
[0905/211356.462:WARNING:pe_image_reader.cc(340)] could not read dos header from C:\Windows\System32\msvcp_win.dll
[0905/211356.462:ERROR:process_memory_win.cc(73)] ReadMemory at 0x7ffa469b0000 of 64 bytes failed: Only part of a ReadProcessMemory or WriteProcessMemory request was completed. (0x12B)
[0905/211356.462:WARNING:pe_image_reader.cc(340)] could not read dos header from C:\Windows\System32\ucrtbase.dll
[0905/211356.462:ERROR:process_memory_win.cc(73)] ReadMemory at 0x7ffa472e0000 of 64 bytes failed: Only part of a ReadProcessMemory or WriteProcessMemory request was completed. (0x12B)
[0905/211356.462:WARNING:pe_image_reader.cc(340)] could not read dos header from C:\Windows\System32\combase.dll
[0905/211356.462:ERROR:process_memory_win.cc(73)] ReadMemory at 0x7ffa46ab0000 of 64 bytes failed: Only part of a ReadProcessMemory or WriteProcessMemory request was completed. (0x12B)
[0905/211356.462:WARNING:pe_image_reader.cc(340)] could not read dos header from C:\Windows\System32\WINTRUST.dll
[0905/211356.462:ERROR:process_memory_win.cc(73)] ReadMemory at 0x7ffa460e0000 of 64 bytes failed: Only part of a ReadProcessMemory or WriteProcessMemory request was completed. (0x12B)
[0905/211356.462:WARNING:pe_image_reader.cc(340)] could not read dos header from C:\Windows\System32\MSASN1.dll
[0905/211356.462:ERROR:process_memory_win.cc(73)] ReadMemory at 0x7ffa47010000 of 64 bytes failed: Only part of a ReadProcessMemory or WriteProcessMemory request was completed. (0x12B)
[0905/211356.462:WARNING:pe_image_reader.cc(340)] could not read dos header from C:\Windows\System32\CRYPT32.dll
[0905/211356.462:ERROR:process_memory_win.cc(73)] ReadMemory at 0x7ffa45540000 of 64 bytes failed: Only part of a ReadProcessMemory or WriteProcessMemory request was completed. (0x12B)
[0905/211356.462:WARNING:pe_image_reader.cc(340)] could not read dos header from C:\Windows\SYSTEM32\IPHLPAPI.DLL
[0905/211356.462:ERROR:process_memory_win.cc(73)] ReadMemory at 0x7ffa43320000 of 64 bytes failed: Only part of a ReadProcessMemory or WriteProcessMemory request was completed. (0x12B)
[0905/211356.462:WARNING:pe_image_reader.cc(340)] could not read dos header from C:\Windows\SYSTEM32\WINMM.dll
[0905/211356.462:ERROR:process_memory_win.cc(73)] ReadMemory at 0x7ffa23b70000 of 64 bytes failed: Only part of a ReadProcessMemory or WriteProcessMemory request was completed. (0x12B)
[0905/211356.462:WARNING:pe_image_reader.cc(340)] could not read dos header from C:\Windows\SYSTEM32\UIAutomationCore.DLL
[0905/211356.462:ERROR:process_memory_win.cc(73)] ReadMemory at 0x7ffa2efb0000 of 64 bytes failed: Only part of a ReadProcessMemory or WriteProcessMemory request was completed. (0x12B)
[0905/211356.462:WARNING:pe_image_reader.cc(340)] could not read dos header from C:\Windows\SYSTEM32\Secur32.dll
[0905/211356.462:ERROR:process_memory_win.cc(73)] ReadMemory at 0x7ffa45f50000 of 64 bytes failed: Only part of a ReadProcessMemory or WriteProcessMemory request was completed. (0x12B)
[0905/211356.462:WARNING:pe_image_reader.cc(340)] could not read dos header from C:\Windows\SYSTEM32\USERENV.dll
[0905/211356.462:ERROR:process_memory_win.cc(73)] ReadMemory at 0x7ffa46060000 of 64 bytes failed: Only part of a ReadProcessMemory or WriteProcessMemory request was completed. (0x12B)
[0905/211356.462:WARNING:pe_image_reader.cc(340)] could not read dos header from C:\Windows\System32\profapi.dll
[0905/211356.462:ERROR:process_memory_win.cc(73)] ReadMemory at 0x7ffa30530000 of 64 bytes failed: Only part of a ReadProcessMemory or WriteProcessMemory request was completed. (0x12B)
[0905/211356.462:WARNING:pe_image_reader.cc(340)] could not read dos header from C:\Windows\SYSTEM32\DWrite.dll
[0905/211356.462:ERROR:process_memory_win.cc(73)] ReadMemory at 0x7ffa39eb0000 of 64 bytes failed: Only part of a ReadProcessMemory or WriteProcessMemory request was completed. (0x12B)
[0905/211356.462:WARNING:pe_image_reader.cc(340)] could not read dos header from C:\Windows\SYSTEM32\WINSPOOL.DRV
[0905/211356.462:ERROR:process_memory_win.cc(73)] ReadMemory at 0x7ffa46040000 of 64 bytes failed: Only part of a ReadProcessMemory or WriteProcessMemory request was completed. (0x12B)
[0905/211356.462:WARNING:pe_image_reader.cc(340)] could not read dos header from C:\Windows\System32\kernel.appcore.dll
[0905/211356.462:ERROR:process_memory_win.cc(73)] ReadMemory at 0x7ffa46150000 of 64 bytes failed: Only part of a ReadProcessMemory or WriteProcessMemory request was completed. (0x12B)
[0905/211356.462:WARNING:pe_image_reader.cc(340)] could not read dos header from C:\Windows\System32\bcrypt.dll
[0905/211356.462:ERROR:process_memory_win.cc(73)] ReadMemory at 0x7ffa33f60000 of 64 bytes failed: Only part of a ReadProcessMemory or WriteProcessMemory request was completed. (0x12B)
[0905/211356.462:WARNING:pe_image_reader.cc(340)] could not read dos header from C:\Windows\SYSTEM32\dbghelp.dll
[0905/211356.462:ERROR:process_memory_win.cc(73)] ReadMemory at 0x7ffa38770000 of 64 bytes failed: Only part of a ReadProcessMemory or WriteProcessMemory request was completed. (0x12B)
[0905/211356.462:WARNING:pe_image_reader.cc(340)] could not read dos header from C:\Windows\SYSTEM32\WINHTTP.dll
[0905/211356.462:ERROR:process_memory_win.cc(73)] ReadMemory at 0x7ffa39ba0000 of 64 bytes failed: Only part of a ReadProcessMemory or WriteProcessMemory request was completed. (0x12B)
[0905/211356.462:WARNING:pe_image_reader.cc(340)] could not read dos header from C:\Windows\SYSTEM32\dhcpcsvc.DLL
[0905/211356.462:ERROR:process_memory_win.cc(73)] ReadMemory at 0x7ffa49100000 of 64 bytes failed: Only part of a ReadProcessMemory or WriteProcessMemory request was completed. (0x12B)
[0905/211356.462:WARNING:pe_image_reader.cc(340)] could not read dos header from C:\Windows\System32\NSI.dll
[0905/211356.462:ERROR:process_memory_win.cc(73)] ReadMemory at 0x7ffa432f0000 of 64 bytes failed: Only part of a ReadProcessMemory or WriteProcessMemory request was completed. (0x12B)
[0905/211356.462:WARNING:pe_image_reader.cc(340)] could not read dos header from C:\Windows\SYSTEM32\WINMMBASE.dll
[0905/211356.462:ERROR:process_memory_win.cc(73)] ReadMemory at 0x7ffa471e0000 of 64 bytes failed: Only part of a ReadProcessMemory or WriteProcessMemory request was completed. (0x12B)
[0905/211356.462:WARNING:pe_image_reader.cc(340)] could not read dos header from C:\Windows\System32\cfgmgr32.dll
[0905/211356.462:ERROR:process_memory_win.cc(73)] ReadMemory at 0x7ffa423c0000 of 64 bytes failed: Only part of a ReadProcessMemory or WriteProcessMemory request was completed. (0x12B)
[0905/211356.462:WARNING:pe_image_reader.cc(340)] could not read dos header from C:\Windows\SYSTEM32\PROPSYS.dll
[0905/211356.462:ERROR:process_memory_win.cc(73)] ReadMemory at 0x7ffa47920000 of 64 bytes failed: Only part of a ReadProcessMemory or WriteProcessMemory request was completed. (0x12B)
[0905/211356.462:WARNING:pe_image_reader.cc(340)] could not read dos header from C:\Windows\System32\shcore.dll
[0905/211356.462:ERROR:process_memory_win.cc(73)] ReadMemory at 0x7ffa45f20000 of 64 bytes failed: Only part of a ReadProcessMemory or WriteProcessMemory request was completed. (0x12B)
[0905/211356.462:WARNING:pe_image_reader.cc(340)] could not read dos header from C:\Windows\SYSTEM32\SSPICLI.DLL
[0905/211356.462:ERROR:process_memory_win.cc(73)] ReadMemory at 0x7ffa45a00000 of 64 bytes failed: Only part of a ReadProcessMemory or WriteProcessMemory request was completed. (0x12B)
[0905/211356.462:WARNING:pe_image_reader.cc(340)] could not read dos header from C:\Windows\SYSTEM32\CRYPTBASE.DLL
[0905/211356.609:ERROR:process_memory_win.cc(73)] ReadMemory at 0x494dded000 of 77824 bytes failed: Only part of a ReadProcessMemory or WriteProcessMemory request was completed. (0x12B)
[0905/211356.609:ERROR:process_memory_win.cc(73)] ReadMemory at 0x494e5fd000 of 12288 bytes failed: Only part of a ReadProcessMemory or WriteProcessMemory request was completed. (0x12B)
[0905/211356.609:ERROR:process_memory_win.cc(73)] ReadMemory at 0x494f5fc000 of 16384 bytes failed: Only part of a ReadProcessMemory or WriteProcessMemory request was completed. (0x12B)
[0905/211356.609:ERROR:process_memory_win.cc(73)] ReadMemory at 0x494fdfb000 of 20480 bytes failed: Only part of a ReadProcessMemory or WriteProcessMemory request was completed. (0x12B)
[0905/211356.609:ERROR:process_memory_win.cc(73)] ReadMemory at 0x49505ff000 of 4096 bytes failed: Only part of a ReadProcessMemory or WriteProcessMemory request was completed. (0x12B)
[0905/211356.609:ERROR:process_memory_win.cc(73)] ReadMemory at 0x4950dfd000 of 12288 bytes failed: Only part of a ReadProcessMemory or WriteProcessMemory request was completed. (0x12B)
[0905/211356.609:ERROR:process_memory_win.cc(73)] ReadMemory at 0x49515fb000 of 20480 bytes failed: Only part of a ReadProcessMemory or WriteProcessMemory request was completed. (0x12B)
[0905/211356.609:ERROR:process_memory_win.cc(73)] ReadMemory at 0x4951dfd000 of 12288 bytes failed: Only part of a ReadProcessMemory or WriteProcessMemory request was completed. (0x12B)
[0905/211356.609:ERROR:process_memory_win.cc(73)] ReadMemory at 0x49525fb000 of 20480 bytes failed: Only part of a ReadProcessMemory or WriteProcessMemory request was completed. (0x12B)
[0905/211356.609:ERROR:process_memory_win.cc(73)] ReadMemory at 0x4952dfc000 of 16384 bytes failed: Only part of a ReadProcessMemory or WriteProcessMemory request was completed. (0x12B)
[0905/211356.609:ERROR:process_memory_win.cc(73)] ReadMemory at 0x49535fd000 of 12288 bytes failed: Only part of a ReadProcessMemory or WriteProcessMemory request was completed. (0x12B)
[0905/211356.609:ERROR:process_memory_win.cc(73)] ReadMemory at 0x494edfd000 of 12288 bytes failed: Only part of a ReadProcessMemory or WriteProcessMemory request was completed. (0x12B)
[0905/211356.609:ERROR:process_memory_win.cc(73)] ReadMemory at 0x4953dfd000 of 12288 bytes failed: Only part of a ReadProcessMemory or WriteProcessMemory request was completed. (0x12B)
[0905/211356.609:ERROR:process_memory_win.cc(73)] ReadMemory at 0x4954dfc000 of 16384 bytes failed: Only part of a ReadProcessMemory or WriteProcessMemory request was completed. (0x12B)
[0905/211356.609:ERROR:process_memory_win.cc(73)] ReadMemory at 0x49545fd000 of 12288 bytes failed: Only part of a ReadProcessMemory or WriteProcessMemory request was completed. (0x12B)
[0905/211356.609:ERROR:process_memory_win.cc(73)] ReadMemory at 0x49555ff000 of 4096 bytes failed: Only part of a ReadProcessMemory or WriteProcessMemory request was completed. (0x12B)
[0905/211356.609:ERROR:process_memory_win.cc(73)] ReadMemory at 0x494d4b3000 of 852 bytes failed: Only part of a ReadProcessMemory or WriteProcessMemory request was completed. (0x12B)
[0905/211356.609:ERROR:process_memory_win.cc(73)] ReadMemory at 0x494d4b4000 of 6024 bytes failed: Only part of a ReadProcessMemory or WriteProcessMemory request was completed. (0x12B)
[0905/211356.609:ERROR:process_memory_win.cc(73)] ReadMemory at 0x494d4b6000 of 6024 bytes failed: Only part of a ReadProcessMemory or WriteProcessMemory request was completed. (0x12B)
[0905/211356.609:ERROR:process_memory_win.cc(73)] ReadMemory at 0x494d4ba000 of 6024 bytes failed: Only part of a ReadProcessMemory or WriteProcessMemory request was completed. (0x12B)
[0905/211356.609:ERROR:process_memory_win.cc(73)] ReadMemory at 0x494d4bc000 of 6024 bytes failed: Only part of a ReadProcessMemory or WriteProcessMemory request was completed. (0x12B)
[0905/211356.609:ERROR:process_memory_win.cc(73)] ReadMemory at 0x494d4be000 of 6024 bytes failed: Only part of a ReadProcessMemory or WriteProcessMemory request was completed. (0x12B)
[0905/211356.609:ERROR:process_memory_win.cc(73)] ReadMemory at 0x494d4c0000 of 6024 bytes failed: Only part of a ReadProcessMemory or WriteProcessMemory request was completed. (0x12B)
[0905/211356.609:ERROR:process_memory_win.cc(73)] ReadMemory at 0x494d4c2000 of 6024 bytes failed: Only part of a ReadProcessMemory or WriteProcessMemory request was completed. (0x12B)
[0905/211356.609:ERROR:process_memory_win.cc(73)] ReadMemory at 0x494d4c4000 of 6024 bytes failed: Only part of a ReadProcessMemory or WriteProcessMemory request was completed. (0x12B)
[0905/211356.609:ERROR:process_memory_win.cc(73)] ReadMemory at 0x494d4c6000 of 6024 bytes failed: Only part of a ReadProcessMemory or WriteProcessMemory request was completed. (0x12B)
[0905/211356.609:ERROR:process_memory_win.cc(73)] ReadMemory at 0x494d4c8000 of 6024 bytes failed: Only part of a ReadProcessMemory or WriteProcessMemory request was completed. (0x12B)
[0905/211356.609:ERROR:process_memory_win.cc(73)] ReadMemory at 0x494d4ca000 of 6024 bytes failed: Only part of a ReadProcessMemory or WriteProcessMemory request was completed. (0x12B)
[0905/211356.609:ERROR:process_memory_win.cc(73)] ReadMemory at 0x494d4d2000 of 6024 bytes failed: Only part of a ReadProcessMemory or WriteProcessMemory request was completed. (0x12B)
[0905/211356.609:ERROR:process_memory_win.cc(73)] ReadMemory at 0x494d4f0000 of 6024 bytes failed: Only part of a ReadProcessMemory or WriteProcessMemory request was completed. (0x12B)
[0905/211356.609:ERROR:process_memory_win.cc(73)] ReadMemory at 0x494d4f2000 of 6024 bytes failed: Only part of a ReadProcessMemory or WriteProcessMemory request was completed. (0x12B)
[0905/211356.609:ERROR:process_memory_win.cc(73)] ReadMemory at 0x494d4f4000 of 6024 bytes failed: Only part of a ReadProcessMemory or WriteProcessMemory request was completed. (0x12B)
[0905/211356.609:ERROR:process_memory_win.cc(73)] ReadMemory at 0x494d4f6000 of 6024 bytes failed: Only part of a ReadProcessMemory or WriteProcessMemory request was completed. (0x12B)
[0905/211356.609:ERROR:process_memory_win.cc(73)] ReadMemory at 0x23a08131710 of 512 bytes failed: Only part of a ReadProcessMemory or WriteProcessMemory request was completed. (0x12B)
[0905/211356.609:ERROR:process_memory_win.cc(73)] ReadMemory at 0x23a08284c10 of 512 bytes failed: Only part of a ReadProcessMemory or WriteProcessMemory request was completed. (0x12B)
[0905/211356.609:ERROR:process_memory_win.cc(73)] ReadMemory at 0x23a1b5b98f8 of 512 bytes failed: Only part of a ReadProcessMemory or WriteProcessMemory request was completed. (0x12B)
[0905/211356.609:ERROR:process_memory_win.cc(73)] ReadMemory at 0x23a50d40dc0 of 512 bytes failed: Only part of a ReadProcessMemory or WriteProcessMemory request was completed. (0x12B)
[0905/211356.609:ERROR:process_memory_win.cc(73)] ReadMemory at 0x23a50d485c0 of 512 bytes failed: Only part of a ReadProcessMemory or WriteProcessMemory request was completed. (0x12B)
[0905/211356.609:ERROR:process_memory_win.cc(73)] ReadMemory at 0x23a50dc0000 of 384 bytes failed: Only part of a ReadProcessMemory or WriteProcessMemory request was completed. (0x12B)
[0905/211356.609:ERROR:process_memory_win.cc(73)] ReadMemory at 0x23a50dc0fe0 of 17802 bytes failed: Only part of a ReadProcessMemory or WriteProcessMemory request was completed. (0x12B)
[0905/211356.609:ERROR:process_memory_win.cc(73)] ReadMemory at 0x23a50dc5580 of 1012 bytes failed: Only part of a ReadProcessMemory or WriteProcessMemory request was completed. (0x12B)
[0905/211356.609:ERROR:process_memory_win.cc(73)] ReadMemory at 0x23a50dc5bc8 of 118 bytes failed: Only part of a ReadProcessMemory or WriteProcessMemory request was completed. (0x12B)
[0905/211356.609:ERROR:process_memory_win.cc(73)] ReadMemory at 0x23a50dc5c40 of 844 bytes failed: Only part of a ReadProcessMemory or WriteProcessMemory request was completed. (0x12B)
[0905/211356.609:ERROR:process_memory_win.cc(73)] ReadMemory at 0x23a50dc5f8e of 118 bytes failed: Only part of a ReadProcessMemory or WriteProcessMemory request was completed. (0x12B)
[0905/211356.609:ERROR:process_memory_win.cc(73)] ReadMemory at 0x23a50dc6006 of 102 bytes failed: Only part of a ReadProcessMemory or WriteProcessMemory request was completed. (0x12B)
[0905/211356.625:ERROR:process_memory_win.cc(73)] ReadMemory at 0x23a50dc6080 of 58 bytes failed: Only part of a ReadProcessMemory or WriteProcessMemory request was completed. (0x12B)
[0905/211356.625:ERROR:process_memory_win.cc(73)] ReadMemory at 0x23a50dc6180 of 132 bytes failed: Only part of a ReadProcessMemory or WriteProcessMemory request was completed. (0x12B)
[0905/211356.625:ERROR:process_memory_win.cc(73)] ReadMemory at 0x23a50dc6310 of 132 bytes failed: Only part of a ReadProcessMemory or WriteProcessMemory request was completed. (0x12B)
[0905/211356.625:ERROR:process_memory_win.cc(73)] ReadMemory at 0x23a50dc64d0 of 124 bytes failed: Only part of a ReadProcessMemory or WriteProcessMemory request was completed. (0x12B)
[0905/211356.625:ERROR:process_memory_win.cc(73)] ReadMemory at 0x23a50dc68b0 of 132 bytes failed: Only part of a ReadProcessMemory or WriteProcessMemory request was completed. (0x12B)
[0905/211356.625:ERROR:process_memory_win.cc(73)] ReadMemory at 0x23a50dc6a40 of 64 bytes failed: Only part of a ReadProcessMemory or WriteProcessMemory request was completed. (0x12B)
[0905/211356.625:ERROR:process_memory_win.cc(73)] ReadMemory at 0x23a50dc6c00 of 132 bytes failed: Only part of a ReadProcessMemory or WriteProcessMemory request was completed. (0x12B)
[0905/211356.625:ERROR:process_memory_win.cc(73)] ReadMemory at 0x23a50dc6ea0 of 132 bytes failed: Only part of a ReadProcessMemory or WriteProcessMemory request was completed. (0x12B)
[0905/211356.672:ERROR:process_memory_win.cc(73)] ReadMemory at 0x23a50dc7030 of 68 bytes failed: Only part of a ReadProcessMemory or WriteProcessMemory request was completed. (0x12B)
[0905/211356.672:ERROR:process_memory_win.cc(73)] ReadMemory at 0x23a50dc8120 of 132 bytes failed: Only part of a ReadProcessMemory or WriteProcessMemory request was completed. (0x12B)
[0905/211356.672:ERROR:process_memory_win.cc(73)] ReadMemory at 0x23a50dc82b0 of 152 bytes failed: Only part of a ReadProcessMemory or WriteProcessMemory request was completed. (0x12B)
[0905/211356.703:ERROR:process_memory_win.cc(73)] ReadMemory at 0x23a50dc90c0 of 62 bytes failed: Only part of a ReadProcessMemory or WriteProcessMemory request was completed. (0x12B)
[0905/211356.703:ERROR:process_memory_win.cc(73)] ReadMemory at 0x23a50dc9220 of 132 bytes failed: Only part of a ReadProcessMemory or WriteProcessMemory request was completed. (0x12B)
[0905/211356.703:ERROR:process_memory_win.cc(73)] ReadMemory at 0x23a50dc93b0 of 60 bytes failed: Only part of a ReadProcessMemory or WriteProcessMemory request was completed. (0x12B)
[0905/211356.703:ERROR:process_memory_win.cc(73)] ReadMemory at 0x23a50dd82a0 of 64 bytes failed: Only part of a ReadProcessMemory or WriteProcessMemory request was completed. (0x12B)
[0905/211356.703:ERROR:process_memory_win.cc(73)] ReadMemory at 0x23a50dd8340 of 60 bytes failed: Only part of a ReadProcessMemory or WriteProcessMemory request was completed. (0x12B)
[0905/211356.703:ERROR:process_memory_win.cc(73)] ReadMemory at 0x23a50dd83e0 of 64 bytes failed: Only part of a ReadProcessMemory or WriteProcessMemory request was completed. (0x12B)
[0905/211356.719:ERROR:process_memory_win.cc(73)] ReadMemory at 0x23a50dd87a0 of 62 bytes failed: Only part of a ReadProcessMemory or WriteProcessMemory request was completed. (0x12B)
[0905/211356.719:ERROR:process_memory_win.cc(73)] ReadMemory at 0x23a50dd89d0 of 60 bytes failed: Only part of a ReadProcessMemory or WriteProcessMemory request was completed. (0x12B)
[0905/211356.719:ERROR:process_memory_win.cc(73)] ReadMemory at 0x23a50dd8a20 of 64 bytes failed: Only part of a ReadProcessMemory or WriteProcessMemory request was completed. (0x12B)
[0905/211356.719:ERROR:process_memory_win.cc(73)] ReadMemory at 0x23a50dd8ac0 of 66 bytes failed: Only part of a ReadProcessMemory or WriteProcessMemory request was completed. (0x12B)
[0905/211356.719:ERROR:process_memory_win.cc(73)] ReadMemory at 0x23a50dd8b60 of 60 bytes failed: Only part of a ReadProcessMemory or WriteProcessMemory request was completed. (0x12B)
[0905/211356.719:ERROR:process_memory_win.cc(73)] ReadMemory at 0x23a50dd8bb0 of 64 bytes failed: Only part of a ReadProcessMemory or WriteProcessMemory request was completed. (0x12B)
[0905/211356.719:ERROR:process_memory_win.cc(73)] ReadMemory at 0x23a50dd8c00 of 62 bytes failed: Only part of a ReadProcessMemory or WriteProcessMemory request was completed. (0x12B)
[0905/211356.719:ERROR:process_memory_win.cc(73)] ReadMemory at 0x23a50dd8de0 of 64 bytes failed: Only part of a ReadProcessMemory or WriteProcessMemory request was completed. (0x12B)
[0905/211356.719:ERROR:process_memory_win.cc(73)] ReadMemory at 0x23a50dd8e80 of 62 bytes failed: Only part of a ReadProcessMemory or WriteProcessMemory request was completed. (0x12B)
[0905/211356.719:ERROR:process_memory_win.cc(73)] ReadMemory at 0x23a50ddab50 of 132 bytes failed: Only part of a ReadProcessMemory or WriteProcessMemory request was completed. (0x12B)
[0905/211356.719:ERROR:process_memory_win.cc(73)] ReadMemory at 0x23a50ddad80 of 132 bytes failed: Only part of a ReadProcessMemory or WriteProcessMemory request was completed. (0x12B)
[0905/211356.719:ERROR:process_memory_win.cc(73)] ReadMemory at 0x23a50dddde0 of 132 bytes failed: Only part of a ReadProcessMemory or WriteProcessMemory request was completed. (0x12B)
[0905/211356.719:ERROR:process_memory_win.cc(73)] ReadMemory at 0x23a50dde080 of 132 bytes failed: Only part of a ReadProcessMemory or WriteProcessMemory request was completed. (0x12B)
[0905/211356.719:ERROR:process_memory_win.cc(73)] ReadMemory at 0x23a50de2140 of 80 bytes failed: Only part of a ReadProcessMemory or WriteProcessMemory request was completed. (0x12B)
[0905/211356.719:ERROR:process_memory_win.cc(73)] ReadMemory at 0x23a50de5390 of 132 bytes failed: Only part of a ReadProcessMemory or WriteProcessMemory request was completed. (0x12B)
[0905/211356.719:ERROR:process_memory_win.cc(73)] ReadMemory at 0x23a50de5ed0 of 132 bytes failed: Only part of a ReadProcessMemory or WriteProcessMemory request was completed. (0x12B)
[0905/211356.719:ERROR:process_memory_win.cc(73)] ReadMemory at 0x23a50de6230 of 132 bytes failed: Only part of a ReadProcessMemory or WriteProcessMemory request was completed. (0x12B)
[0905/211356.719:ERROR:process_memory_win.cc(73)] ReadMemory at 0x23a50de6440 of 132 bytes failed: Only part of a ReadProcessMemory or WriteProcessMemory request was completed. (0x12B)
[0905/211356.719:ERROR:process_memory_win.cc(73)] ReadMemory at 0x23a50de7a20 of 132 bytes failed: Only part of a ReadProcessMemory or WriteProcessMemory request was completed. (0x12B)
[0905/211356.719:ERROR:process_memory_win.cc(73)] ReadMemory at 0x23a50de7b50 of 132 bytes failed: Only part of a ReadProcessMemory or WriteProcessMemory request was completed. (0x12B)
[0905/211356.719:ERROR:process_memory_win.cc(73)] ReadMemory at 0x23a50de7d00 of 132 bytes failed: Only part of a ReadProcessMemory or WriteProcessMemory request was completed. (0x12B)
[0905/211356.719:ERROR:process_memory_win.cc(73)] ReadMemory at 0x23a50de7e30 of 132 bytes failed: Only part of a ReadProcessMemory or WriteProcessMemory request was completed. (0x12B)
[0905/211356.719:ERROR:process_memory_win.cc(73)] ReadMemory at 0x23a50de7f60 of 132 bytes failed: Only part of a ReadProcessMemory or WriteProcessMemory request was completed. (0x12B)
[0905/211356.719:ERROR:process_memory_win.cc(73)] ReadMemory at 0x23a50de8090 of 132 bytes failed: Only part of a ReadProcessMemory or WriteProcessMemory request was completed. (0x12B)
[0905/211356.719:ERROR:process_memory_win.cc(73)] ReadMemory at 0x23a50de81c0 of 132 bytes failed: Only part of a ReadProcessMemory or WriteProcessMemory request was completed. (0x12B)
[0905/211356.719:ERROR:process_memory_win.cc(73)] ReadMemory at 0x23a50de82f0 of 132 bytes failed: Only part of a ReadProcessMemory or WriteProcessMemory request was completed. (0x12B)
[0905/211356.719:ERROR:process_memory_win.cc(73)] ReadMemory at 0x23a50dea670 of 54 bytes failed: Only part of a ReadProcessMemory or WriteProcessMemory request was completed. (0x12B)
[0905/211356.719:ERROR:process_memory_win.cc(73)] ReadMemory at 0x23a50decf30 of 144 bytes failed: Only part of a ReadProcessMemory or WriteProcessMemory request was completed. (0x12B)
[0905/211356.719:ERROR:process_memory_win.cc(73)] ReadMemory at 0x23a50ded3e0 of 80 bytes failed: Only part of a ReadProcessMemory or WriteProcessMemory request was completed. (0x12B)
[0905/211356.719:ERROR:process_memory_win.cc(73)] ReadMemory at 0x23a50ded440 of 76 bytes failed: Only part of a ReadProcessMemory or WriteProcessMemory request was completed. (0x12B)
[0905/211356.735:ERROR:process_memory_win.cc(73)] ReadMemory at 0x23a50dee030 of 132 bytes failed: Only part of a ReadProcessMemory or WriteProcessMemory request was completed. (0x12B)
[0905/211356.735:ERROR:process_memory_win.cc(73)] ReadMemory at 0x23a50dee3c0 of 132 bytes failed: Only part of a ReadProcessMemory or WriteProcessMemory request was completed. (0x12B)
[0905/211356.735:ERROR:process_memory_win.cc(73)] ReadMemory at 0x23a50dee4f0 of 132 bytes failed: Only part of a ReadProcessMemory or WriteProcessMemory request was completed. (0x12B)
[0905/211356.735:ERROR:process_memory_win.cc(73)] ReadMemory at 0x23a50dee880 of 132 bytes failed: Only part of a ReadProcessMemory or WriteProcessMemory request was completed. (0x12B)
[0905/211356.735:ERROR:process_memory_win.cc(73)] ReadMemory at 0x23a50dee9b0 of 132 bytes failed: Only part of a ReadProcessMemory or WriteProcessMemory request was completed. (0x12B)
[0905/211356.735:ERROR:process_memory_win.cc(73)] ReadMemory at 0x23a50deeae0 of 132 bytes failed: Only part of a ReadProcessMemory or WriteProcessMemory request was completed. (0x12B)
[0905/211356.750:ERROR:process_memory_win.cc(73)] ReadMemory at 0x23a50deec10 of 132 bytes failed: Only part of a ReadProcessMemory or WriteProcessMemory request was completed. (0x12B)
[0905/211356.750:ERROR:process_memory_win.cc(73)] ReadMemory at 0x23a50deed40 of 132 bytes failed: Only part of a ReadProcessMemory or WriteProcessMemory request was completed. (0x12B)
[0905/211356.750:ERROR:process_memory_win.cc(73)] ReadMemory at 0x23a50def330 of 132 bytes failed: Only part of a ReadProcessMemory or WriteProcessMemory request was completed. (0x12B)
[0905/211356.750:ERROR:process_memory_win.cc(73)] ReadMemory at 0x23a50def460 of 132 bytes failed: Only part of a ReadProcessMemory or WriteProcessMemory request was completed. (0x12B)
[0905/211356.750:ERROR:process_memory_win.cc(73)] ReadMemory at 0x23a50def590 of 132 bytes failed: Only part of a ReadProcessMemory or WriteProcessMemory request was completed. (0x12B)
[0905/211356.782:ERROR:process_memory_win.cc(73)] ReadMemory at 0x23a50def6c0 of 132 bytes failed: Only part of a ReadProcessMemory or WriteProcessMemory request was completed. (0x12B)
[0905/211356.782:ERROR:process_memory_win.cc(73)] ReadMemory at 0x23a50def7f0 of 132 bytes failed: Only part of a ReadProcessMemory or WriteProcessMemory request was completed. (0x12B)
[0905/211356.782:ERROR:process_memory_win.cc(73)] ReadMemory at 0x23a50def920 of 132 bytes failed: Only part of a ReadProcessMemory or WriteProcessMemory request was completed. (0x12B)
[0905/211356.782:ERROR:process_memory_win.cc(73)] ReadMemory at 0x23a50defb80 of 132 bytes failed: Only part of a ReadProcessMemory or WriteProcessMemory request was completed. (0x12B)
[0905/211356.782:ERROR:process_memory_win.cc(73)] ReadMemory at 0x23a50defde0 of 132 bytes failed: Only part of a ReadProcessMemory or WriteProcessMemory request was completed. (0x12B)
[0905/211356.813:ERROR:process_memory_win.cc(73)] ReadMemory at 0x23a50df0650 of 64 bytes failed: Only part of a ReadProcessMemory or WriteProcessMemory request was completed. (0x12B)
[0905/211356.813:ERROR:process_memory_win.cc(73)] ReadMemory at 0x23a50df0ab0 of 62 bytes failed: Only part of a ReadProcessMemory or WriteProcessMemory request was completed. (0x12B)
[0905/211356.813:ERROR:process_memory_win.cc(73)] ReadMemory at 0x23a50df0b00 of 64 bytes failed: Only part of a ReadProcessMemory or WriteProcessMemory request was completed. (0x12B)
[0905/211356.813:ERROR:process_memory_win.cc(73)] ReadMemory at 0x23a50df0b50 of 66 bytes failed: Only part of a ReadProcessMemory or WriteProcessMemory request was completed. (0x12B)
[0905/211356.813:ERROR:process_memory_win.cc(73)] ReadMemory at 0x23a50df0c40 of 62 bytes failed: Only part of a ReadProcessMemory or WriteProcessMemory request was completed. (0x12B)
[0905/211356.912:ERROR:process_memory_win.cc(73)] ReadMemory at 0x23a50df0d80 of 58 bytes failed: Only part of a ReadProcessMemory or WriteProcessMemory request was completed. (0x12B)
[0905/211356.912:ERROR:process_memory_win.cc(73)] ReadMemory at 0x23a50df0dd0 of 62 bytes failed: Only part of a ReadProcessMemory or WriteProcessMemory request was completed. (0x12B)
[0905/211356.912:ERROR:process_memory_win.cc(73)] ReadMemory at 0x23a50df0e20 of 64 bytes failed: Only part of a ReadProcessMemory or WriteProcessMemory request was completed. (0x12B)
[0905/211356.912:ERROR:process_memory_win.cc(73)] ReadMemory at 0x23a50df1190 of 62 bytes failed: Only part of a ReadProcessMemory or WriteProcessMemory request was completed. (0x12B)
[0905/211356.912:ERROR:process_memory_win.cc(73)] ReadMemory at 0x23a50df11e0 of 62 bytes failed: Only part of a ReadProcessMemory or WriteProcessMemory request was completed. (0x12B)
[0905/211356.912:ERROR:process_memory_win.cc(73)] ReadMemory at 0x23a50df1230 of 60 bytes failed: Only part of a ReadProcessMemory or WriteProcessMemory request was completed. (0x12B)
[0905/211356.912:ERROR:process_memory_win.cc(73)] ReadMemory at 0x23a50df13c0 of 60 bytes failed: Only part of a ReadProcessMemory or WriteProcessMemory request was completed. (0x12B)
[0905/211356.912:ERROR:process_memory_win.cc(73)] ReadMemory at 0x23a50df1410 of 60 bytes failed: Only part of a ReadProcessMemory or WriteProcessMemory request was completed. (0x12B)
[0905/211356.912:ERROR:process_memory_win.cc(73)] ReadMemory at 0x23a50df1460 of 62 bytes failed: Only part of a ReadProcessMemory or WriteProcessMemory request was completed. (0x12B)
[0905/211356.912:ERROR:process_memory_win.cc(73)] ReadMemory at 0x23a50df14b0 of 62 bytes failed: Only part of a ReadProcessMemory or WriteProcessMemory request was completed. (0x12B)
[0905/211356.912:ERROR:process_memory_win.cc(73)] ReadMemory at 0x23a50e03ab0 of 512 bytes failed: Only part of a ReadProcessMemory or WriteProcessMemory request was completed. (0x12B)
[0905/211356.912:ERROR:process_memory_win.cc(73)] ReadMemory at 0x23a50e52f60 of 512 bytes failed: Only part of a ReadProcessMemory or WriteProcessMemory request was completed. (0x12B)
[0905/211356.912:ERROR:process_memory_win.cc(73)] ReadMemory at 0x23a50e5da30 of 512 bytes failed: Only part of a ReadProcessMemory or WriteProcessMemory request was completed. (0x12B)
[0905/211356.920:ERROR:process_memory_win.cc(73)] ReadMemory at 0x23a50e5fb70 of 560 bytes failed: Only part of a ReadProcessMemory or WriteProcessMemory request was completed. (0x12B)
[0905/211356.920:ERROR:process_memory_win.cc(73)] ReadMemory at 0x23a50e82710 of 512 bytes failed: Only part of a ReadProcessMemory or WriteProcessMemory request was completed. (0x12B)
[0905/211356.920:ERROR:process_memory_win.cc(73)] ReadMemory at 0x23a50e83670 of 512 bytes failed: Only part of a ReadProcessMemory or WriteProcessMemory request was completed. (0x12B)
[0905/211356.947:ERROR:process_memory_win.cc(73)] ReadMemory at 0x23a50e9a070 of 712 bytes failed: Only part of a ReadProcessMemory or WriteProcessMemory request was completed. (0x12B)
[0905/211356.947:ERROR:process_memory_win.cc(73)] ReadMemory at 0x23a526e1790 of 512 bytes failed: Only part of a ReadProcessMemory or WriteProcessMemory request was completed. (0x12B)
[0905/211356.970:ERROR:process_memory_win.cc(73)] ReadMemory at 0x23a5277c6e8 of 512 bytes failed: Only part of a ReadProcessMemory or WriteProcessMemory request was completed. (0x12B)
[0905/211356.970:ERROR:process_memory_win.cc(73)] ReadMemory at 0x23a528009f2 of 642 bytes failed: Only part of a ReadProcessMemory or WriteProcessMemory request was completed. (0x12B)
[0905/211356.970:ERROR:process_memory_win.cc(73)] ReadMemory at 0x23a52800db4 of 512 bytes failed: Only part of a ReadProcessMemory or WriteProcessMemory request was completed. (0x12B)
[0905/211356.970:ERROR:process_memory_win.cc(73)] ReadMemory at 0x23a5b574d50 of 512 bytes failed: Only part of a ReadProcessMemory or WriteProcessMemory request was completed. (0x12B)
[0905/211356.970:ERROR:process_memory_win.cc(73)] ReadMemory at 0x23a5b577dd0 of 512 bytes failed: Only part of a ReadProcessMemory or WriteProcessMemory request was completed. (0x12B)
[0905/211356.970:ERROR:process_memory_win.cc(73)] ReadMemory at 0x23a660babb0 of 512 bytes failed: Only part of a ReadProcessMemory or WriteProcessMemory request was completed. (0x12B)
[0905/211356.970:ERROR:process_memory_win.cc(73)] ReadMemory at 0x23a79c13fc0 of 528 bytes failed: Only part of a ReadProcessMemory or WriteProcessMemory request was completed. (0x12B)
[0905/211356.978:ERROR:process_memory_win.cc(73)] ReadMemory at 0x23a8b4dd470 of 512 bytes failed: Only part of a ReadProcessMemory or WriteProcessMemory request was completed. (0x12B)
[0905/211356.978:ERROR:process_memory_win.cc(73)] ReadMemory at 0x7ff9fe1cd6ad of 512 bytes failed: Only part of a ReadProcessMemory or WriteProcessMemory request was completed. (0x12B)
[0905/211356.978:ERROR:process_memory_win.cc(73)] ReadMemory at 0x7ffa1d365160 of 512 bytes failed: Only part of a ReadProcessMemory or WriteProcessMemory request was completed. (0x12B)
[0905/211356.978:ERROR:process_memory_win.cc(73)] ReadMemory at 0x7ffa1d365867 of 512 bytes failed: Only part of a ReadProcessMemory or WriteProcessMemory request was completed. (0x12B)
[0905/211356.978:ERROR:process_memory_win.cc(73)] ReadMemory at 0x7ffa482e1f80 of 512 bytes failed: Only part of a ReadProcessMemory or WriteProcessMemory request was completed. (0x12B)
[0905/211356.978:ERROR:process_memory_win.cc(73)] ReadMemory at 0x7ffa491c0753 of 512 bytes failed: Only part of a ReadProcessMemory or WriteProcessMemory request was completed. (0x12B)
[0905/211357.058:ERROR:process_memory_win.cc(73)] ReadMemory at 0x7ffa4921c074 of 672 bytes failed: Only part of a ReadProcessMemory or WriteProcessMemory request was completed. (0x12B)
[0905/211357.058:ERROR:process_memory_win.cc(73)] ReadMemory at 0x7ffa4921f924 of 608 bytes failed: Only part of a ReadProcessMemory or WriteProcessMemory request was completed. (0x12B)
[0905/211357.058:ERROR:process_memory_win.cc(73)] ReadMemory at 0x7ffa492ac428 of 18 bytes failed: Only part of a ReadProcessMemory or WriteProcessMemory request was completed. (0x12B)
[0905/211357.058:ERROR:process_memory_win.cc(73)] ReadMemory at 0x7ffa492df4f8 of 40 bytes failed: Only part of a ReadProcessMemory or WriteProcessMemory request was completed. (0x12B)
[0905/211357.058:ERROR:process_memory_win.cc(73)] ReadMemory at 0x7ffa492df978 of 48 bytes failed: Only part of a ReadProcessMemory or WriteProcessMemory request was completed. (0x12B)
[0905/211357.058:ERROR:process_memory_win.cc(73)] ReadMemory at 0x7ffa492e53c0 of 64 bytes failed: Only part of a ReadProcessMemory or WriteProcessMemory request was completed. (0x12B)
[0905/211357.244:ERROR:scoped_process_suspend.cc(40)] NtResumeProcess: An attempt was made to access an exiting process. (0xc000010a)
